-- The C compiler identification is GNU 11.4.0
-- The CXX compiler identification is GNU 11.4.0
-- Detecting C compiler ABI info
-- Detecting C compiler ABI info - done
-- Check for working C compiler: /usr/bin/cc - skipped
-- Detecting C compile features
-- Detecting C compile features - done
-- Detecting CXX compiler ABI info
-- Detecting CXX compiler ABI info - done
-- Check for working CXX compiler: /usr/bin/c++ - skipped
-- Detecting CXX compile features
-- Detecting CXX compile features - done
-- Found ament_cmake: 1.3.9 (/opt/ros/humble/share/ament_cmake/cmake)
-- Found Python3: /usr/bin/python3 (found version "3.10.12") found components: Interpreter 
-- Override CMake install command with custom implementation using symlinks instead of copying resources
-- Found rclcpp: 16.0.9 (/opt/ros/humble/share/rclcpp/cmake)
-- Found rosidl_generator_c: 3.1.5 (/opt/ros/humble/share/rosidl_generator_c/cmake)
-- Found rosidl_adapter: 3.1.5 (/opt/ros/humble/share/rosidl_adapter/cmake)
-- Found rosidl_generator_cpp: 3.1.5 (/opt/ros/humble/share/rosidl_generator_cpp/cmake)
-- Using all available rosidl_typesupport_c: rosidl_typesupport_fastrtps_c;rosidl_typesupport_introspection_c
-- Using all available rosidl_typesupport_cpp: rosidl_typesupport_fastrtps_cpp;rosidl_typesupport_introspection_cpp
-- Found rmw_implementation_cmake: 6.1.2 (/opt/ros/humble/share/rmw_implementation_cmake/cmake)
-- Found rmw_fastrtps_cpp: 6.2.6 (/opt/ros/humble/share/rmw_fastrtps_cpp/cmake)
-- Found OpenSSL: /usr/lib/x86_64-linux-gnu/libcrypto.so (found version "3.0.2")  
-- Found FastRTPS: /opt/ros/humble/include  
-- Using RMW implementation 'rmw_fastrtps_cpp' as default
-- Looking for pthread.h
-- Looking for pthread.h - found
-- Performing Test CMAKE_HAVE_LIBC_PTHREAD
-- Performing Test CMAKE_HAVE_LIBC_PTHREAD - Success
-- Found Threads: TRUE  
-- Found geometry_msgs: 4.2.4 (/opt/ros/humble/share/geometry_msgs/cmake)
-- Found rclcpp_action: 16.0.9 (/opt/ros/humble/share/rclcpp_action/cmake)
-- Found nav2_msgs: 1.1.15 (/opt/ros/humble/share/nav2_msgs/cmake)
-- Found tf2_ros: 0.25.7 (/opt/ros/humble/share/tf2_ros/cmake)
-- Found tf2_eigen: 0.25.7 (/opt/ros/humble/share/tf2_eigen/cmake)
-- Found tf2_geometry_msgs: 0.25.7 (/opt/ros/humble/share/tf2_geometry_msgs/cmake)
-- Found eigen3_cmake_module: 0.1.1 (/opt/ros/humble/share/eigen3_cmake_module/cmake)
-- Found Eigen3: TRUE (found version "3.4.0") 
-- Ensuring Eigen3 include directory is part of orocos-kdl CMake target
-- Found ament_lint_auto: 0.12.11 (/opt/ros/humble/share/ament_lint_auto/cmake)
-- Added test 'cppcheck' to perform static code analysis on C / C++ code
-- Configured cppcheck include dirs: 
-- Configured cppcheck exclude dirs and/or files: 
-- Added test 'lint_cmake' to check CMake code style
-- Added test 'uncrustify' to check C / C++ code style
-- Configured uncrustify additional arguments: 
-- Added test 'xmllint' to check XML markup files
-- Configuring done
-- Generating done
-- Build files have been written to: /home/robofish/Robocon2024_R2/build/rc_decision
[  2%] [32mBuilding CXX object CMakeFiles/send_goal.dir/src/send_goal.cpp.o[0m
[  5%] [32mBuilding CXX object CMakeFiles/position_id_pub.dir/src/position_id_pub.cpp.o[0m
[  8%] [32mBuilding CXX object CMakeFiles/param_setter.dir/src/param_setter.cpp.o[0m
[ 11%] [32mBuilding CXX object CMakeFiles/goal_id_pub_node.dir/src/goal_id_pub_node.cpp.o[0m
[ 13%] [32mBuilding CXX object CMakeFiles/read_nav_status.dir/src/read_nav_status.cpp.o[0m
[ 16%] [32mBuilding CXX object CMakeFiles/param_id_pub_node.dir/src/param_id_pub_node.cpp.o[0m
[ 19%] [32mBuilding CXX object CMakeFiles/action_mode_pub_node.dir/src/action_mode_pub_node.cpp.o[0m
[ 22%] [32mBuilding CXX object CMakeFiles/move_mode_pub_node.dir/src/move_mode_pub_node.cpp.o[0m
[ 25%] [32m[1mLinking CXX executable action_mode_pub_node[0m
[ 25%] Built target action_mode_pub_node
[ 27%] [32m[1mLinking CXX executable goal_id_pub_node[0m
[ 30%] [32m[1mLinking CXX executable position_id_pub[0m
[ 30%] Built target goal_id_pub_node
[ 30%] Built target position_id_pub
[ 33%] [32m[1mLinking CXX executable move_mode_pub_node[0m
[ 36%] [32m[1mLinking CXX executable param_id_pub_node[0m
[ 36%] Built target move_mode_pub_node
[ 36%] Built target param_id_pub_node
[ 38%] [32m[1mLinking CXX executable read_nav_status[0m
[ 38%] Built target read_nav_status
[ 41%] [32m[1mLinking CXX executable send_goal[0m
[ 44%] [32m[1mLinking CXX executable param_setter[0m
[ 44%] Built target send_goal
[ 44%] Built target param_setter
[ 47%] [32mBuilding CXX object CMakeFiles/send_chioce.dir/src/send_chioce.cpp.o[0m
[ 50%] [32m[1mLinking CXX executable send_chioce[0m
[ 50%] Built target send_chioce
[ 52%] [32mBuilding CXX object CMakeFiles/param_adjuster.dir/src/param_adjuster.cpp.o[0m
[ 55%] [32m[1mLinking CXX executable param_adjuster[0m
[ 55%] Built target param_adjuster
[ 58%] [32mBuilding CXX object CMakeFiles/tf_listener.dir/src/tf_listener.cpp.o[0m
In file included from [01m[K/home/robofish/Robocon2024_R2/src/rc_decision/src/tf_listener.cpp:3[m[K:
[01m[K/opt/ros/humble/include/tf2_eigen/tf2_eigen/tf2_eigen.h:32:2:[m[K [01;35m[Kwarning: [m[K#warning This header is obsolete, please include tf2_eigen/tf2_eigen.hpp instead [[01;35m[K]8;;https://gcc.gnu.org/onlinedocs/gcc/Warning-Options.html#index-Wcpp-Wcpp]8;;[m[K]
   32 | #[01;35m[Kwarning[m[K This header is obsolete, please include tf2_eigen/tf2_eigen.hpp instead
      |  [01;35m[K^~~~~~~[m[K
[ 61%] [32m[1mLinking CXX executable tf_listener[0m
[ 61%] Built target tf_listener
[ 63%] [32mBuilding CXX object CMakeFiles/pose_controller.dir/src/pose_controller.cpp.o[0m
[ 66%] [32m[1mLinking CXX executable pose_controller[0m
[ 66%] Built target pose_controller
[ 69%] [32mBuilding CXX object CMakeFiles/vision_decision.dir/src/vision_decision.cpp.o[0m
[ 72%] [32m[1mLinking CXX executable vision_decision[0m
[ 72%] Built target vision_decision
[ 75%] [32mBuilding CXX object CMakeFiles/game_start.dir/src/game_start.cpp.o[0m
[ 77%] [32m[1mLinking CXX executable game_start[0m
[ 77%] Built target game_start
[ 80%] [32mBuilding CXX object CMakeFiles/rc_decision_32.dir/src/rc_decision_32.cpp.o[0m
[ 83%] [32m[1mLinking CXX executable rc_decision_32[0m
[ 83%] Built target rc_decision_32
[ 86%] [32mBuilding CXX object CMakeFiles/rc_decision.dir/src/rc_decision.cpp.o[0m
[ 88%] [32m[1mLinking CXX executable rc_decision[0m
[ 88%] Built target rc_decision
[ 94%] [32mBuilding CXX object CMakeFiles/robot_mode_publisher.dir/src/robot_mode_publisher.cpp.o[0m
[ 94%] [32mBuilding CXX object CMakeFiles/nav_control.dir/src/nav_control.cpp.o[0m
[ 97%] [32m[1mLinking CXX executable robot_mode_publisher[0m
[ 97%] Built target robot_mode_publisher
[100%] [32m[1mLinking CXX executable nav_control[0m
[100%] Built target nav_control
