[0.032s] Invoking command in '/home/robofish/Robocon2024_R2/build/rc_decision': CMAKE_PREFIX_PATH=/opt/ros/humble /usr/bin/cmake /home/robofish/Robocon2024_R2/src/rc_decision -DAMENT_CMAKE_SYMLINK_INSTALL=1 -DCMAKE_INSTALL_PREFIX=/home/robofish/Robocon2024_R2/install/rc_decision
[2.669s] -- The C compiler identification is GNU 11.4.0
[2.669s] -- The CXX compiler identification is GNU 11.4.0
[2.669s] -- Detecting C compiler ABI info
[2.670s] -- Detecting C compiler ABI info - done
[2.670s] -- Check for working C compiler: /usr/bin/cc - skipped
[2.670s] -- Detecting C compile features
[2.670s] -- Detecting C compile features - done
[2.670s] -- Detecting CXX compiler ABI info
[2.670s] -- Detecting CXX compiler ABI info - done
[2.670s] -- Check for working CXX compiler: /usr/bin/c++ - skipped
[2.670s] -- Detecting CXX compile features
[2.670s] -- Detecting CXX compile features - done
[2.670s] -- Found ament_cmake: 1.3.9 (/opt/ros/humble/share/ament_cmake/cmake)
[2.670s] -- Found Python3: /usr/bin/python3 (found version "3.10.12") found components: Interpreter 
[2.670s] -- Override CMake install command with custom implementation using symlinks instead of copying resources
[2.670s] -- Found rclcpp: 16.0.9 (/opt/ros/humble/share/rclcpp/cmake)
[2.670s] -- Found rosidl_generator_c: 3.1.5 (/opt/ros/humble/share/rosidl_generator_c/cmake)
[2.670s] -- Found rosidl_adapter: 3.1.5 (/opt/ros/humble/share/rosidl_adapter/cmake)
[2.670s] -- Found rosidl_generator_cpp: 3.1.5 (/opt/ros/humble/share/rosidl_generator_cpp/cmake)
[2.670s] -- Using all available rosidl_typesupport_c: rosidl_typesupport_fastrtps_c;rosidl_typesupport_introspection_c
[2.671s] -- Using all available rosidl_typesupport_cpp: rosidl_typesupport_fastrtps_cpp;rosidl_typesupport_introspection_cpp
[2.671s] -- Found rmw_implementation_cmake: 6.1.2 (/opt/ros/humble/share/rmw_implementation_cmake/cmake)
[2.671s] -- Found rmw_fastrtps_cpp: 6.2.6 (/opt/ros/humble/share/rmw_fastrtps_cpp/cmake)
[2.671s] -- Found OpenSSL: /usr/lib/x86_64-linux-gnu/libcrypto.so (found version "3.0.2")  
[2.671s] -- Found FastRTPS: /opt/ros/humble/include  
[2.671s] -- Using RMW implementation 'rmw_fastrtps_cpp' as default
[2.671s] -- Looking for pthread.h
[2.671s] -- Looking for pthread.h - found
[2.671s] -- Performing Test CMAKE_HAVE_LIBC_PTHREAD
[2.671s] -- Performing Test CMAKE_HAVE_LIBC_PTHREAD - Success
[2.671s] -- Found Threads: TRUE  
[2.671s] -- Found geometry_msgs: 4.2.4 (/opt/ros/humble/share/geometry_msgs/cmake)
[2.671s] -- Found rclcpp_action: 16.0.9 (/opt/ros/humble/share/rclcpp_action/cmake)
[2.671s] -- Found nav2_msgs: 1.1.15 (/opt/ros/humble/share/nav2_msgs/cmake)
[2.671s] -- Found tf2_ros: 0.25.7 (/opt/ros/humble/share/tf2_ros/cmake)
[2.850s] -- Found tf2_eigen: 0.25.7 (/opt/ros/humble/share/tf2_eigen/cmake)
[2.864s] -- Found tf2_geometry_msgs: 0.25.7 (/opt/ros/humble/share/tf2_geometry_msgs/cmake)
[2.875s] -- Found eigen3_cmake_module: 0.1.1 (/opt/ros/humble/share/eigen3_cmake_module/cmake)
[2.877s] -- Found Eigen3: TRUE (found version "3.4.0") 
[2.877s] -- Ensuring Eigen3 include directory is part of orocos-kdl CMake target
[2.982s] -- Found ament_lint_auto: 0.12.11 (/opt/ros/humble/share/ament_lint_auto/cmake)
[3.172s] -- Added test 'cppcheck' to perform static code analysis on C / C++ code
[3.172s] -- Configured cppcheck include dirs: 
[3.172s] -- Configured cppcheck exclude dirs and/or files: 
[3.173s] -- Added test 'lint_cmake' to check CMake code style
[3.175s] -- Added test 'uncrustify' to check C / C++ code style
[3.175s] -- Configured uncrustify additional arguments: 
[3.176s] -- Added test 'xmllint' to check XML markup files
[3.180s] -- Configuring done
[3.355s] -- Generating done
[3.358s] -- Build files have been written to: /home/robofish/Robocon2024_R2/build/rc_decision
[3.376s] Invoked command in '/home/robofish/Robocon2024_R2/build/rc_decision' returned '0': CMAKE_PREFIX_PATH=/opt/ros/humble /usr/bin/cmake /home/robofish/Robocon2024_R2/src/rc_decision -DAMENT_CMAKE_SYMLINK_INSTALL=1 -DCMAKE_INSTALL_PREFIX=/home/robofish/Robocon2024_R2/install/rc_decision
[3.377s] Invoking command in '/home/robofish/Robocon2024_R2/build/rc_decision': CMAKE_PREFIX_PATH=/opt/ros/humble /usr/bin/cmake --build /home/robofish/Robocon2024_R2/build/rc_decision -- -j8 -l8
[13.746s] [  2%] [32mBuilding CXX object CMakeFiles/send_goal.dir/src/send_goal.cpp.o[0m
[13.746s] [  5%] [32mBuilding CXX object CMakeFiles/position_id_pub.dir/src/position_id_pub.cpp.o[0m
[13.746s] [  8%] [32mBuilding CXX object CMakeFiles/param_setter.dir/src/param_setter.cpp.o[0m
[13.746s] [ 11%] [32mBuilding CXX object CMakeFiles/goal_id_pub_node.dir/src/goal_id_pub_node.cpp.o[0m
[13.746s] [ 13%] [32mBuilding CXX object CMakeFiles/read_nav_status.dir/src/read_nav_status.cpp.o[0m
[13.746s] [ 16%] [32mBuilding CXX object CMakeFiles/param_id_pub_node.dir/src/param_id_pub_node.cpp.o[0m
[13.746s] [ 19%] [32mBuilding CXX object CMakeFiles/action_mode_pub_node.dir/src/action_mode_pub_node.cpp.o[0m
[13.746s] [ 22%] [32mBuilding CXX object CMakeFiles/move_mode_pub_node.dir/src/move_mode_pub_node.cpp.o[0m
[17.344s] [ 25%] [32m[1mLinking CXX executable action_mode_pub_node[0m
[18.043s] [ 25%] Built target action_mode_pub_node
[18.156s] [ 27%] [32m[1mLinking CXX executable goal_id_pub_node[0m
[18.322s] [ 30%] [32m[1mLinking CXX executable position_id_pub[0m
[18.584s] [ 30%] Built target goal_id_pub_node
[18.668s] [ 30%] Built target position_id_pub
[19.121s] [ 33%] [32m[1mLinking CXX executable move_mode_pub_node[0m
[19.205s] [ 36%] [32m[1mLinking CXX executable param_id_pub_node[0m
[19.438s] [ 36%] Built target move_mode_pub_node
[19.738s] [ 36%] Built target param_id_pub_node
[23.693s] [ 38%] [32m[1mLinking CXX executable read_nav_status[0m
[24.361s] [ 38%] Built target read_nav_status
[26.538s] [ 41%] [32m[1mLinking CXX executable send_goal[0m
[27.031s] [ 44%] [32m[1mLinking CXX executable param_setter[0m
[27.206s] [ 44%] Built target send_goal
[27.688s] [ 44%] Built target param_setter
[27.743s] [ 47%] [32mBuilding CXX object CMakeFiles/send_chioce.dir/src/send_chioce.cpp.o[0m
[36.634s] [ 50%] [32m[1mLinking CXX executable send_chioce[0m
[36.971s] [ 50%] Built target send_chioce
[36.999s] [ 52%] [32mBuilding CXX object CMakeFiles/param_adjuster.dir/src/param_adjuster.cpp.o[0m
[44.677s] [ 55%] [32m[1mLinking CXX executable param_adjuster[0m
[45.045s] [ 55%] Built target param_adjuster
[45.059s] [ 58%] [32mBuilding CXX object CMakeFiles/tf_listener.dir/src/tf_listener.cpp.o[0m
[45.241s] In file included from [01m[K/home/robofish/Robocon2024_R2/src/rc_decision/src/tf_listener.cpp:3[m[K:
[45.242s] [01m[K/opt/ros/humble/include/tf2_eigen/tf2_eigen/tf2_eigen.h:32:2:[m[K [01;35m[Kwarning: [m[K#warning This header is obsolete, please include tf2_eigen/tf2_eigen.hpp instead [[01;35m[K]8;;https://gcc.gnu.org/onlinedocs/gcc/Warning-Options.html#index-Wcpp-Wcpp]8;;[m[K]
[45.242s]    32 | #[01;35m[Kwarning[m[K This header is obsolete, please include tf2_eigen/tf2_eigen.hpp instead
[45.242s]       |  [01;35m[K^~~~~~~[m[K
[50.526s] [ 61%] [32m[1mLinking CXX executable tf_listener[0m
[50.707s] [ 61%] Built target tf_listener
[50.736s] [ 63%] [32mBuilding CXX object CMakeFiles/pose_controller.dir/src/pose_controller.cpp.o[0m
[59.889s] [ 66%] [32m[1mLinking CXX executable pose_controller[0m
[60.411s] [ 66%] Built target pose_controller
[60.424s] [ 69%] [32mBuilding CXX object CMakeFiles/vision_decision.dir/src/vision_decision.cpp.o[0m
[69.095s] [ 72%] [32m[1mLinking CXX executable vision_decision[0m
[69.538s] [ 72%] Built target vision_decision
[69.551s] [ 75%] [32mBuilding CXX object CMakeFiles/game_start.dir/src/game_start.cpp.o[0m
[72.644s] [ 77%] [32m[1mLinking CXX executable game_start[0m
[72.802s] [ 77%] Built target game_start
[72.820s] [ 80%] [32mBuilding CXX object CMakeFiles/rc_decision_32.dir/src/rc_decision_32.cpp.o[0m
[79.226s] [ 83%] [32m[1mLinking CXX executable rc_decision_32[0m
[79.535s] [ 83%] Built target rc_decision_32
[79.549s] [ 86%] [32mBuilding CXX object CMakeFiles/rc_decision.dir/src/rc_decision.cpp.o[0m
[85.890s] [ 88%] [32m[1mLinking CXX executable rc_decision[0m
[86.194s] [ 88%] Built target rc_decision
[86.209s] [ 94%] [32mBuilding CXX object CMakeFiles/robot_mode_publisher.dir/src/robot_mode_publisher.cpp.o[0m
[86.209s] [ 94%] [32mBuilding CXX object CMakeFiles/nav_control.dir/src/nav_control.cpp.o[0m
[89.547s] [ 97%] [32m[1mLinking CXX executable robot_mode_publisher[0m
[89.705s] [ 97%] Built target robot_mode_publisher
[93.101s] [100%] [32m[1mLinking CXX executable nav_control[0m
[93.417s] [100%] Built target nav_control
